<?xml version="1.0" encoding="UTF-8"?>
<!-- Generated by org.testng.reporters.JUnitXMLReporter -->
<testsuite ignored="0" hostname="nitinSree" failures="0" tests="3" name="Default test" time="52.898" errors="0" timestamp="2024-07-21T00:12:34 IST">
  <testcase classname="test.standalone" name="submitOrder" time="18.72"/>
  <testcase classname="test.standalone" name="submitOrder" time="18.314"/>
  <testcase classname="test.standalone" name="orderHistoryTest" time="1.066"/>
</testsuite> <!-- Default test -->
