<?xml version="1.0" encoding="UTF-8"?>
<testng-results ignored="0" total="3" passed="3" failed="0" skipped="0">
  <reporter-output>
  </reporter-output>
  <suite started-at="2024-07-21T00:11:41 IST" name="Default suite" finished-at="2024-07-21T00:12:34 IST" duration-ms="52898">
    <groups>
    </groups>
    <test started-at="2024-07-21T00:11:41 IST" name="Default test" finished-at="2024-07-21T00:12:34 IST" duration-ms="52898">
      <class name="test.standalone">
        <test-method is-config="true" signature="launchApplication()[pri:0, instance:test.standalone@cad498c]" started-at="2024-07-21T00:11:41 IST" name="launchApplication" finished-at="2024-07-21T00:11:46 IST" duration-ms="5162" status="PASS">
          <reporter-output>
          </reporter-output>
        </test-method> <!-- launchApplication -->
        <test-method signature="submitOrder(java.util.HashMap)[pri:0, instance:test.standalone@cad498c]" started-at="2024-07-21T00:11:46 IST" name="submitOrder" data-provider="getData" finished-at="2024-07-21T00:12:05 IST" duration-ms="18720" status="PASS">
          <params>
            <param index="0">
              <value>
                <![CDATA[{product2=ADIDAS ORIGINAL, product1=ZARA COAT 3, password=123@Abc$#, email=priyanshu12@gmail.com}]]>
              </value>
            </param>
          </params>
          <reporter-output>
          </reporter-output>
        </test-method> <!-- submitOrder -->
        <test-method is-config="true" signature="closeBrowser()[pri:0, instance:test.standalone@cad498c]" started-at="2024-07-21T00:12:05 IST" name="closeBrowser" finished-at="2024-07-21T00:12:05 IST" duration-ms="167" status="PASS">
          <reporter-output>
          </reporter-output>
        </test-method> <!-- closeBrowser -->
        <test-method is-config="true" signature="launchApplication()[pri:0, instance:test.standalone@cad498c]" started-at="2024-07-21T00:12:05 IST" name="launchApplication" finished-at="2024-07-21T00:12:09 IST" duration-ms="3922" status="PASS">
          <reporter-output>
          </reporter-output>
        </test-method> <!-- launchApplication -->
        <test-method signature="submitOrder(java.util.HashMap)[pri:0, instance:test.standalone@cad498c]" started-at="2024-07-21T00:12:09 IST" name="submitOrder" data-provider="getData" finished-at="2024-07-21T00:12:27 IST" duration-ms="18314" status="PASS">
          <params>
            <param index="0">
              <value>
                <![CDATA[{product2=ZARA COAT 3, product1=ADIDAS ORIGINAL, password=Password$1#, email=priyanshu1@gmail.com}]]>
              </value>
            </param>
          </params>
          <reporter-output>
          </reporter-output>
        </test-method> <!-- submitOrder -->
        <test-method is-config="true" signature="closeBrowser()[pri:0, instance:test.standalone@cad498c]" started-at="2024-07-21T00:12:27 IST" name="closeBrowser" finished-at="2024-07-21T00:12:28 IST" duration-ms="143" status="PASS">
          <reporter-output>
          </reporter-output>
        </test-method> <!-- closeBrowser -->
        <test-method is-config="true" signature="launchApplication()[pri:0, instance:test.standalone@cad498c]" started-at="2024-07-21T00:12:28 IST" name="launchApplication" finished-at="2024-07-21T00:12:33 IST" duration-ms="5226" status="PASS">
          <reporter-output>
          </reporter-output>
        </test-method> <!-- launchApplication -->
        <test-method signature="orderHistoryTest()[pri:0, instance:test.standalone@cad498c]" started-at="2024-07-21T00:12:33 IST" name="orderHistoryTest" finished-at="2024-07-21T00:12:34 IST" depends-on-methods="test.standalone.submitOrder" duration-ms="1066" status="PASS">
          <reporter-output>
          </reporter-output>
        </test-method> <!-- orderHistoryTest -->
        <test-method is-config="true" signature="closeBrowser()[pri:0, instance:test.standalone@cad498c]" started-at="2024-07-21T00:12:34 IST" name="closeBrowser" finished-at="2024-07-21T00:12:34 IST" duration-ms="96" status="PASS">
          <reporter-output>
          </reporter-output>
        </test-method> <!-- closeBrowser -->
      </class> <!-- test.standalone -->
    </test> <!-- Default test -->
  </suite> <!-- Default suite -->
</testng-results>
